# JRE version: OpenJDK Runtime Environment (8.0_181-b13) (build 1.8.0_181-8u181-b13-0ubuntu0.16.04.1-b13)
# Java VM: OpenJDK 64-Bit Server VM (25.181-b13 mixed mode linux-amd64 compressed oops)
Heap:
 PSYoungGen      total 118784K, used 8379K [0x00000000f5b80000, 0x0000000100000000, 0x0000000100000000)
  eden space 102912K, 0% used [0x00000000f5b80000,0x00000000f5b80000,0x00000000fc000000)
  from space 15872K, 52% used [0x00000000ff080000,0x00000000ff8aecd8,0x0000000100000000)
  to   space 32768K, 0% used [0x00000000fc000000,0x00000000fc000000,0x00000000fe000000)
 ParOldGen       total 65024K, used 64688K [0x00000000e1200000, 0x00000000e5180000, 0x00000000f5b80000)
  object space 65024K, 99% used [0x00000000e1200000,0x00000000e512c078,0x00000000e5180000)
 Metaspace       used 59636K, capacity 60104K, committed 60416K, reserved 1099776K
  class space    used 9488K, capacity 9643K, committed 9728K, reserved 1048576K
GC Heap History (10 events):
Event: 11.575 GC heap after
Heap after GC invocations=11 (full 2):
 PSYoungGen      total 138752K, used 0K [0x00000000f5b80000, 0x00000000ffa80000, 0x0000000100000000)
  eden space 130048K, 0% used [0x00000000f5b80000,0x00000000f5b80000,0x00000000fda80000)
  from space 8704K, 0% used [0x00000000fda80000,0x00000000fda80000,0x00000000fe300000)
  to   space 8704K, 0% used [0x00000000ff200000,0x00000000ff200000,0x00000000ffa80000)
 ParOldGen       total 33792K, used 10019K [0x00000000e1200000, 0x00000000e3300000, 0x00000000f5b80000)
  object space 33792K, 29% used [0x00000000e1200000,0x00000000e1bc8df8,0x00000000e3300000)
 Metaspace       used 34845K, capacity 35266K, committed 35416K, reserved 1079296K
  class space    used 5644K, capacity 5803K, committed 5888K, reserved 1048576K
}
Event: 15.754 GC heap before
{Heap before GC invocations=12 (full 2):
 PSYoungGen      total 138752K, used 130048K [0x00000000f5b80000, 0x00000000ffa80000, 0x0000000100000000)
  eden space 130048K, 100% used [0x00000000f5b80000,0x00000000fda80000,0x00000000fda80000)
  from space 8704K, 0% used [0x00000000fda80000,0x00000000fda80000,0x00000000fe300000)
  to   space 8704K, 0% used [0x00000000ff200000,0x00000000ff200000,0x00000000ffa80000)
 ParOldGen       total 33792K, used 10019K [0x00000000e1200000, 0x00000000e3300000, 0x00000000f5b80000)
  object space 33792K, 29% used [0x00000000e1200000,0x00000000e1bc8df8,0x00000000e3300000)
 Metaspace       used 43225K, capacity 43682K, committed 43776K, reserved 1085440K
  class space    used 6971K, capacity 7115K, committed 7168K, reserved 1048576K
Event: 15.958 GC heap after
Heap after GC invocations=12 (full 2):
 PSYoungGen      total 145408K, used 8702K [0x00000000f5b80000, 0x0000000100000000, 0x0000000100000000)
  eden space 136704K, 0% used [0x00000000f5b80000,0x00000000f5b80000,0x00000000fe100000)
  from space 8704K, 99% used [0x00000000ff200000,0x00000000ffa7fbc8,0x00000000ffa80000)
  to   space 15872K, 0% used [0x00000000fe100000,0x00000000fe100000,0x00000000ff080000)
 ParOldGen       total 33792K, used 24855K [0x00000000e1200000, 0x00000000e3300000, 0x00000000f5b80000)
  object space 33792K, 73% used [0x00000000e1200000,0x00000000e2a45cd8,0x00000000e3300000)
 Metaspace       used 43225K, capacity 43682K, committed 43776K, reserved 1085440K
  class space    used 6971K, capacity 7115K, committed 7168K, reserved 1048576K
}
Event: 15.959 GC heap before
{Heap before GC invocations=13 (full 3):
 PSYoungGen      total 145408K, used 8702K [0x00000000f5b80000, 0x0000000100000000, 0x0000000100000000)
  eden space 136704K, 0% used [0x00000000f5b80000,0x00000000f5b80000,0x00000000fe100000)
  from space 8704K, 99% used [0x00000000ff200000,0x00000000ffa7fbc8,0x00000000ffa80000)
  to   space 15872K, 0% used [0x00000000fe100000,0x00000000fe100000,0x00000000ff080000)
 ParOldGen       total 33792K, used 24855K [0x00000000e1200000, 0x00000000e3300000, 0x00000000f5b80000)
  object space 33792K, 73% used [0x00000000e1200000,0x00000000e2a45cd8,0x00000000e3300000)
 Metaspace       used 43225K, capacity 43682K, committed 43776K, reserved 1085440K
  class space    used 6971K, capacity 7115K, committed 7168K, reserved 1048576K
Event: 16.485 GC heap after
Heap after GC invocations=13 (full 3):
 PSYoungGen      total 145408K, used 0K [0x00000000f5b80000, 0x0000000100000000, 0x0000000100000000)
  eden space 136704K, 0% used [0x00000000f5b80000,0x00000000f5b80000,0x00000000fe100000)
  from space 8704K, 0% used [0x00000000ff200000,0x00000000ff200000,0x00000000ffa80000)
  to   space 15872K, 0% used [0x00000000fe100000,0x00000000fe100000,0x00000000ff080000)
 ParOldGen       total 65024K, used 29239K [0x00000000e1200000, 0x00000000e5180000, 0x00000000f5b80000)
  object space 65024K, 44% used [0x00000000e1200000,0x00000000e2e8dd60,0x00000000e5180000)
 Metaspace       used 43225K, capacity 43682K, committed 43776K, reserved 1085440K
  class space    used 6971K, capacity 7115K, committed 7168K, reserved 1048576K
}
Event: 23.089 GC heap before
{Heap before GC invocations=14 (full 3):
 PSYoungGen      total 145408K, used 136704K [0x00000000f5b80000, 0x0000000100000000, 0x0000000100000000)
  eden space 136704K, 100% used [0x00000000f5b80000,0x00000000fe100000,0x00000000fe100000)
  from space 8704K, 0% used [0x00000000ff200000,0x00000000ff200000,0x00000000ffa80000)
  to   space 15872K, 0% used [0x00000000fe100000,0x00000000fe100000,0x00000000ff080000)
 ParOldGen       total 65024K, used 29239K [0x00000000e1200000, 0x00000000e5180000, 0x00000000f5b80000)
  object space 65024K, 44% used [0x00000000e1200000,0x00000000e2e8dd60,0x00000000e5180000)
 Metaspace       used 49367K, capacity 49730K, committed 49920K, reserved 1091584K
  class space    used 7967K, capacity 8107K, committed 8192K, reserved 1048576K
Event: 23.185 GC heap after
Heap after GC invocations=14 (full 3):
 PSYoungGen      total 152576K, used 15841K [0x00000000f5b80000, 0x0000000100000000, 0x0000000100000000)
  eden space 136704K, 0% used [0x00000000f5b80000,0x00000000f5b80000,0x00000000fe100000)
  from space 15872K, 99% used [0x00000000fe100000,0x00000000ff078720,0x00000000ff080000)
  to   space 15872K, 0% used [0x00000000ff080000,0x00000000ff080000,0x0000000100000000)
 ParOldGen       total 65024K, used 42117K [0x00000000e1200000, 0x00000000e5180000, 0x00000000f5b80000)
  object space 65024K, 64% used [0x00000000e1200000,0x00000000e3b214c8,0x00000000e5180000)
 Metaspace       used 49367K, capacity 49730K, committed 49920K, reserved 1091584K
  class space    used 7967K, capacity 8107K, committed 8192K, reserved 1048576K
}
Event: 42.000 GC heap before
{Heap before GC invocations=15 (full 3):
 PSYoungGen      total 152576K, used 152545K [0x00000000f5b80000, 0x0000000100000000, 0x0000000100000000)
  eden space 136704K, 100% used [0x00000000f5b80000,0x00000000fe100000,0x00000000fe100000)
  from space 15872K, 99% used [0x00000000fe100000,0x00000000ff078720,0x00000000ff080000)
  to   space 15872K, 0% used [0x00000000ff080000,0x00000000ff080000,0x0000000100000000)
 ParOldGen       total 65024K, used 42117K [0x00000000e1200000, 0x00000000e5180000, 0x00000000f5b80000)
  object space 65024K, 64% used [0x00000000e1200000,0x00000000e3b214c8,0x00000000e5180000)
 Metaspace       used 59636K, capacity 60104K, committed 60416K, reserved 1099776K
  class space    used 9488K, capacity 9643K, committed 9728K, reserved 1048576K
Event: 43.397 GC heap after
Heap after GC invocations=15 (full 3):
 PSYoungGen      total 118784K, used 15846K [0x00000000f5b80000, 0x0000000100000000, 0x0000000100000000)
  eden space 102912K, 0% used [0x00000000f5b80000,0x00000000f5b80000,0x00000000fc000000)
  from space 15872K, 99% used [0x00000000ff080000,0x00000000ffff9af8,0x0000000100000000)
  to   space 32768K, 0% used [0x00000000fc000000,0x00000000fc000000,0x00000000fe000000)
 ParOldGen       total 65024K, used 64399K [0x00000000e1200000, 0x00000000e5180000, 0x00000000f5b80000)
  object space 65024K, 99% used [0x00000000e1200000,0x00000000e50e3d70,0x00000000e5180000)
 Metaspace       used 59636K, capacity 60104K, committed 60416K, reserved 1099776K
  class space    used 9488K, capacity 9643K, committed 9728K, reserved 1048576K
}
Event: 43.400 GC heap before
{Heap before GC invocations=16 (full 4):
 PSYoungGen      total 118784K, used 15846K [0x00000000f5b80000, 0x0000000100000000, 0x0000000100000000)
  eden space 102912K, 0% used [0x00000000f5b80000,0x00000000f5b80000,0x00000000fc000000)
  from space 15872K, 99% used [0x00000000ff080000,0x00000000ffff9af8,0x0000000100000000)
  to   space 32768K, 0% used [0x00000000fc000000,0x00000000fc000000,0x00000000fe000000)
 ParOldGen       total 65024K, used 64399K [0x00000000e1200000, 0x00000000e5180000, 0x00000000f5b80000)
  object space 65024K, 99% used [0x00000000e1200000,0x00000000e50e3d70,0x00000000e5180000)
 Metaspace       used 59636K, capacity 60104K, committed 60416K, reserved 1099776K
  class space    used 9488K, capacity 9643K, committed 9728K, reserved 1048576K

