# JRE version: OpenJDK Runtime Environment (8.0_181-b13) (build 1.8.0_181-8u181-b13-1ubuntu0.16.04.1-b13)
# Java VM: OpenJDK 64-Bit Server VM (25.181-b13 mixed mode linux-amd64 compressed oops)
Heap:
 PSYoungGen      total 52736K, used 3579K [0x00000000f0600000, 0x00000000f3d00000, 0x0000000100000000)
  eden space 49152K, 0% used [0x00000000f0600000,0x00000000f0600000,0x00000000f3600000)
  from space 3584K, 99% used [0x00000000f3600000,0x00000000f397ef90,0x00000000f3980000)
  to   space 3072K, 0% used [0x00000000f3a00000,0x00000000f3a00000,0x00000000f3d00000)
 ParOldGen       total 32768K, used 8180K [0x00000000d1200000, 0x00000000d3200000, 0x00000000f0600000)
  object space 32768K, 24% used [0x00000000d1200000,0x00000000d19fd010,0x00000000d3200000)
 Metaspace       used 20793K, capacity 21102K, committed 21248K, reserved 1067008K
  class space    used 3426K, capacity 3513K, committed 3584K, reserved 1048576K
GC Heap History (10 events):
Event: 1.312 GC heap after
Heap after GC invocations=2 (full 0):
 PSYoungGen      total 14336K, used 2032K [0x00000000f0600000, 0x00000000f2200000, 0x0000000100000000)
  eden space 12288K, 0% used [0x00000000f0600000,0x00000000f0600000,0x00000000f1200000)
  from space 2048K, 99% used [0x00000000f1400000,0x00000000f15fc030,0x00000000f1600000)
  to   space 2048K, 0% used [0x00000000f1200000,0x00000000f1200000,0x00000000f1400000)
 ParOldGen       total 32768K, used 1482K [0x00000000d1200000, 0x00000000d3200000, 0x00000000f0600000)
  object space 32768K, 4% used [0x00000000d1200000,0x00000000d1372b70,0x00000000d3200000)
 Metaspace       used 9803K, capacity 9982K, committed 10240K, reserved 1058816K
  class space    used 1640K, capacity 1703K, committed 1792K, reserved 1048576K
}
Event: 1.714 GC heap before
{Heap before GC invocations=3 (full 0):
 PSYoungGen      total 14336K, used 14320K [0x00000000f0600000, 0x00000000f2200000, 0x0000000100000000)
  eden space 12288K, 100% used [0x00000000f0600000,0x00000000f1200000,0x00000000f1200000)
  from space 2048K, 99% used [0x00000000f1400000,0x00000000f15fc030,0x00000000f1600000)
  to   space 2048K, 0% used [0x00000000f1200000,0x00000000f1200000,0x00000000f1400000)
 ParOldGen       total 32768K, used 1482K [0x00000000d1200000, 0x00000000d3200000, 0x00000000f0600000)
  object space 32768K, 4% used [0x00000000d1200000,0x00000000d1372b70,0x00000000d3200000)
 Metaspace       used 12987K, capacity 13234K, committed 13312K, reserved 1060864K
  class space    used 2215K, capacity 2279K, committed 2304K, reserved 1048576K
Event: 1.720 GC heap after
Heap after GC invocations=3 (full 0):
 PSYoungGen      total 14336K, used 2031K [0x00000000f0600000, 0x00000000f2200000, 0x0000000100000000)
  eden space 12288K, 0% used [0x00000000f0600000,0x00000000f0600000,0x00000000f1200000)
  from space 2048K, 99% used [0x00000000f1200000,0x00000000f13fbca0,0x00000000f1400000)
  to   space 2048K, 0% used [0x00000000f2000000,0x00000000f2000000,0x00000000f2200000)
 ParOldGen       total 32768K, used 3027K [0x00000000d1200000, 0x00000000d3200000, 0x00000000f0600000)
  object space 32768K, 9% used [0x00000000d1200000,0x00000000d14f4ee8,0x00000000d3200000)
 Metaspace       used 12987K, capacity 13234K, committed 13312K, reserved 1060864K
  class space    used 2215K, capacity 2279K, committed 2304K, reserved 1048576K
}
Event: 1.970 GC heap before
{Heap before GC invocations=4 (full 0):
 PSYoungGen      total 14336K, used 14319K [0x00000000f0600000, 0x00000000f2200000, 0x0000000100000000)
  eden space 12288K, 100% used [0x00000000f0600000,0x00000000f1200000,0x00000000f1200000)
  from space 2048K, 99% used [0x00000000f1200000,0x00000000f13fbca0,0x00000000f1400000)
  to   space 2048K, 0% used [0x00000000f2000000,0x00000000f2000000,0x00000000f2200000)
 ParOldGen       total 32768K, used 3027K [0x00000000d1200000, 0x00000000d3200000, 0x00000000f0600000)
  object space 32768K, 9% used [0x00000000d1200000,0x00000000d14f4ee8,0x00000000d3200000)
 Metaspace       used 13911K, capacity 14142K, committed 14336K, reserved 1060864K
  class space    used 2382K, capacity 2473K, committed 2560K, reserved 1048576K
Event: 1.977 GC heap after
Heap after GC invocations=4 (full 0):
 PSYoungGen      total 26624K, used 2018K [0x00000000f0600000, 0x00000000f2200000, 0x0000000100000000)
  eden space 24576K, 0% used [0x00000000f0600000,0x00000000f0600000,0x00000000f1e00000)
  from space 2048K, 98% used [0x00000000f2000000,0x00000000f21f88e0,0x00000000f2200000)
  to   space 2048K, 0% used [0x00000000f1e00000,0x00000000f1e00000,0x00000000f2000000)
 ParOldGen       total 32768K, used 3599K [0x00000000d1200000, 0x00000000d3200000, 0x00000000f0600000)
  object space 32768K, 10% used [0x00000000d1200000,0x00000000d1583d00,0x00000000d3200000)
 Metaspace       used 13911K, capacity 14142K, committed 14336K, reserved 1060864K
  class space    used 2382K, capacity 2473K, committed 2560K, reserved 1048576K
}
Event: 2.306 GC heap before
{Heap before GC invocations=5 (full 0):
 PSYoungGen      total 26624K, used 26594K [0x00000000f0600000, 0x00000000f2200000, 0x0000000100000000)
  eden space 24576K, 100% used [0x00000000f0600000,0x00000000f1e00000,0x00000000f1e00000)
  from space 2048K, 98% used [0x00000000f2000000,0x00000000f21f88e0,0x00000000f2200000)
  to   space 2048K, 0% used [0x00000000f1e00000,0x00000000f1e00000,0x00000000f2000000)
 ParOldGen       total 32768K, used 3599K [0x00000000d1200000, 0x00000000d3200000, 0x00000000f0600000)
  object space 32768K, 10% used [0x00000000d1200000,0x00000000d1583d00,0x00000000d3200000)
 Metaspace       used 14265K, capacity 14494K, committed 14848K, reserved 1060864K
  class space    used 2431K, capacity 2505K, committed 2560K, reserved 1048576K
Event: 2.314 GC heap after
Heap after GC invocations=5 (full 0):
 PSYoungGen      total 26624K, used 2019K [0x00000000f0600000, 0x00000000f3e00000, 0x0000000100000000)
  eden space 24576K, 0% used [0x00000000f0600000,0x00000000f0600000,0x00000000f1e00000)
  from space 2048K, 98% used [0x00000000f1e00000,0x00000000f1ff8cd0,0x00000000f2000000)
  to   space 4096K, 0% used [0x00000000f3a00000,0x00000000f3a00000,0x00000000f3e00000)
 ParOldGen       total 32768K, used 4143K [0x00000000d1200000, 0x00000000d3200000, 0x00000000f0600000)
  object space 32768K, 12% used [0x00000000d1200000,0x00000000d160bd00,0x00000000d3200000)
 Metaspace       used 14265K, capacity 14494K, committed 14848K, reserved 1060864K
  class space    used 2431K, capacity 2505K, committed 2560K, reserved 1048576K
}
Event: 4.497 GC heap before
{Heap before GC invocations=6 (full 0):
 PSYoungGen      total 26624K, used 26595K [0x00000000f0600000, 0x00000000f3e00000, 0x0000000100000000)
  eden space 24576K, 100% used [0x00000000f0600000,0x00000000f1e00000,0x00000000f1e00000)
  from space 2048K, 98% used [0x00000000f1e00000,0x00000000f1ff8cd0,0x00000000f2000000)
  to   space 4096K, 0% used [0x00000000f3a00000,0x00000000f3a00000,0x00000000f3e00000)
 ParOldGen       total 32768K, used 4143K [0x00000000d1200000, 0x00000000d3200000, 0x00000000f0600000)
  object space 32768K, 12% used [0x00000000d1200000,0x00000000d160bd00,0x00000000d3200000)
 Metaspace       used 14989K, capacity 15374K, committed 15488K, reserved 1062912K
  class space    used 2534K, capacity 2649K, committed 2688K, reserved 1048576K
Event: 4.521 GC heap after
Heap after GC invocations=6 (full 0):
 PSYoungGen      total 52224K, used 2832K [0x00000000f0600000, 0x00000000f3d00000, 0x0000000100000000)
  eden space 49152K, 0% used [0x00000000f0600000,0x00000000f0600000,0x00000000f3600000)
  from space 3072K, 92% used [0x00000000f3a00000,0x00000000f3cc41e8,0x00000000f3d00000)
  to   space 3584K, 0% used [0x00000000f3600000,0x00000000f3600000,0x00000000f3980000)
 ParOldGen       total 32768K, used 4143K [0x00000000d1200000, 0x00000000d3200000, 0x00000000f0600000)
  object space 32768K, 12% used [0x00000000d1200000,0x00000000d160bd00,0x00000000d3200000)
 Metaspace       used 14989K, capacity 15374K, committed 15488K, reserved 1062912K
  class space    used 2534K, capacity 2649K, committed 2688K, reserved 1048576K
}
Event: 5.121 GC heap before
{Heap before GC invocations=7 (full 0):
 PSYoungGen      total 52224K, used 40301K [0x00000000f0600000, 0x00000000f3d00000, 0x0000000100000000)
  eden space 49152K, 76% used [0x00000000f0600000,0x00000000f2a97460,0x00000000f3600000)
  from space 3072K, 92% used [0x00000000f3a00000,0x00000000f3cc41e8,0x00000000f3d00000)
  to   space 3584K, 0% used [0x00000000f3600000,0x00000000f3600000,0x00000000f3980000)
 ParOldGen       total 32768K, used 4143K [0x00000000d1200000, 0x00000000d3200000, 0x00000000f0600000)
  object space 32768K, 12% used [0x00000000d1200000,0x00000000d160bd00,0x00000000d3200000)
 Metaspace       used 20793K, capacity 21102K, committed 21248K, reserved 1067008K
  class space    used 3426K, capacity 3513K, committed 3584K, reserved 1048576K

