# JRE version: OpenJDK Runtime Environment (8.0_181-b13) (build 1.8.0_181-8u181-b13-1ubuntu0.16.04.1-b13)
# Java VM: OpenJDK 64-Bit Server VM (25.181-b13 mixed mode linux-amd64 compressed oops)
Heap:
 PSYoungGen      total 73216K, used 5110K [0x00000000f5b80000, 0x00000000fa980000, 0x0000000100000000)
  eden space 68096K, 0% used [0x00000000f5b80000,0x00000000f5b80000,0x00000000f9e00000)
  from space 5120K, 99% used [0x00000000f9e00000,0x00000000fa2fdaa0,0x00000000fa300000)
  to   space 3584K, 0% used [0x00000000fa300000,0x00000000fa300000,0x00000000fa680000)
 ParOldGen       total 23552K, used 15709K [0x00000000e1200000, 0x00000000e2900000, 0x00000000f5b80000)
  object space 23552K, 66% used [0x00000000e1200000,0x00000000e2157758,0x00000000e2900000)
 Metaspace       used 31554K, capacity 31970K, committed 32128K, reserved 1077248K
  class space    used 5055K, capacity 5195K, committed 5248K, reserved 1048576K
GC Heap History (10 events):
Event: 5.142 GC heap after
Heap after GC invocations=5 (full 0):
 PSYoungGen      total 18432K, used 1023K [0x00000000f5b80000, 0x00000000f8380000, 0x0000000100000000)
  eden space 17408K, 0% used [0x00000000f5b80000,0x00000000f5b80000,0x00000000f6c80000)
  from space 1024K, 99% used [0x00000000f6c80000,0x00000000f6d7fc70,0x00000000f6d80000)
  to   space 3072K, 0% used [0x00000000f8080000,0x00000000f8080000,0x00000000f8380000)
 ParOldGen       total 22016K, used 5997K [0x00000000e1200000, 0x00000000e2780000, 0x00000000f5b80000)
  object space 22016K, 27% used [0x00000000e1200000,0x00000000e17db748,0x00000000e2780000)
 Metaspace       used 13924K, capacity 14098K, committed 14336K, reserved 1060864K
  class space    used 2387K, capacity 2439K, committed 2560K, reserved 1048576K
}
Event: 5.455 GC heap before
{Heap before GC invocations=6 (full 0):
 PSYoungGen      total 18432K, used 18431K [0x00000000f5b80000, 0x00000000f8380000, 0x0000000100000000)
  eden space 17408K, 100% used [0x00000000f5b80000,0x00000000f6c80000,0x00000000f6c80000)
  from space 1024K, 99% used [0x00000000f6c80000,0x00000000f6d7fc70,0x00000000f6d80000)
  to   space 3072K, 0% used [0x00000000f8080000,0x00000000f8080000,0x00000000f8380000)
 ParOldGen       total 22016K, used 5997K [0x00000000e1200000, 0x00000000e2780000, 0x00000000f5b80000)
  object space 22016K, 27% used [0x00000000e1200000,0x00000000e17db748,0x00000000e2780000)
 Metaspace       used 14267K, capacity 14518K, committed 14848K, reserved 1060864K
  class space    used 2423K, capacity 2509K, committed 2560K, reserved 1048576K
Event: 5.473 GC heap after
Heap after GC invocations=6 (full 0):
 PSYoungGen      total 37888K, used 1961K [0x00000000f5b80000, 0x00000000f8380000, 0x0000000100000000)
  eden space 34816K, 0% used [0x00000000f5b80000,0x00000000f5b80000,0x00000000f7d80000)
  from space 3072K, 63% used [0x00000000f8080000,0x00000000f826a5f8,0x00000000f8380000)
  to   space 3072K, 0% used [0x00000000f7d80000,0x00000000f7d80000,0x00000000f8080000)
 ParOldGen       total 22016K, used 6005K [0x00000000e1200000, 0x00000000e2780000, 0x00000000f5b80000)
  object space 22016K, 27% used [0x00000000e1200000,0x00000000e17dd748,0x00000000e2780000)
 Metaspace       used 14267K, capacity 14518K, committed 14848K, reserved 1060864K
  class space    used 2423K, capacity 2509K, committed 2560K, reserved 1048576K
}
Event: 8.085 GC heap before
{Heap before GC invocations=7 (full 0):
 PSYoungGen      total 37888K, used 36777K [0x00000000f5b80000, 0x00000000f8380000, 0x0000000100000000)
  eden space 34816K, 100% used [0x00000000f5b80000,0x00000000f7d80000,0x00000000f7d80000)
  from space 3072K, 63% used [0x00000000f8080000,0x00000000f826a5f8,0x00000000f8380000)
  to   space 3072K, 0% used [0x00000000f7d80000,0x00000000f7d80000,0x00000000f8080000)
 ParOldGen       total 22016K, used 6005K [0x00000000e1200000, 0x00000000e2780000, 0x00000000f5b80000)
  object space 22016K, 27% used [0x00000000e1200000,0x00000000e17dd748,0x00000000e2780000)
 Metaspace       used 16293K, capacity 16678K, committed 16768K, reserved 1062912K
  class space    used 2753K, capacity 2909K, committed 2944K, reserved 1048576K
Event: 8.113 GC heap after
Heap after GC invocations=7 (full 0):
 PSYoungGen      total 37888K, used 3054K [0x00000000f5b80000, 0x00000000fa680000, 0x0000000100000000)
  eden space 34816K, 0% used [0x00000000f5b80000,0x00000000f5b80000,0x00000000f7d80000)
  from space 3072K, 99% used [0x00000000f7d80000,0x00000000f807b8a0,0x00000000f8080000)
  to   space 3584K, 0% used [0x00000000fa300000,0x00000000fa300000,0x00000000fa680000)
 ParOldGen       total 22016K, used 6847K [0x00000000e1200000, 0x00000000e2780000, 0x00000000f5b80000)
  object space 22016K, 31% used [0x00000000e1200000,0x00000000e18aff08,0x00000000e2780000)
 Metaspace       used 16293K, capacity 16678K, committed 16768K, reserved 1062912K
  class space    used 2753K, capacity 2909K, committed 2944K, reserved 1048576K
}
Event: 9.323 GC heap before
{Heap before GC invocations=8 (full 0):
 PSYoungGen      total 37888K, used 32832K [0x00000000f5b80000, 0x00000000fa680000, 0x0000000100000000)
  eden space 34816K, 85% used [0x00000000f5b80000,0x00000000f7894a80,0x00000000f7d80000)
  from space 3072K, 99% used [0x00000000f7d80000,0x00000000f807b8a0,0x00000000f8080000)
  to   space 3584K, 0% used [0x00000000fa300000,0x00000000fa300000,0x00000000fa680000)
 ParOldGen       total 22016K, used 6847K [0x00000000e1200000, 0x00000000e2780000, 0x00000000f5b80000)
  object space 22016K, 31% used [0x00000000e1200000,0x00000000e18aff08,0x00000000e2780000)
 Metaspace       used 20828K, capacity 21158K, committed 21248K, reserved 1067008K
  class space    used 3431K, capacity 3549K, committed 3584K, reserved 1048576K
Event: 9.361 GC heap after
Heap after GC invocations=8 (full 0):
 PSYoungGen      total 71680K, used 3572K [0x00000000f5b80000, 0x00000000fa980000, 0x0000000100000000)
  eden space 68096K, 0% used [0x00000000f5b80000,0x00000000f5b80000,0x00000000f9e00000)
  from space 3584K, 99% used [0x00000000fa300000,0x00000000fa67d080,0x00000000fa680000)
  to   space 5120K, 0% used [0x00000000f9e00000,0x00000000f9e00000,0x00000000fa300000)
 ParOldGen       total 22016K, used 8977K [0x00000000e1200000, 0x00000000e2780000, 0x00000000f5b80000)
  object space 22016K, 40% used [0x00000000e1200000,0x00000000e1ac4430,0x00000000e2780000)
 Metaspace       used 20828K, capacity 21158K, committed 21248K, reserved 1067008K
  class space    used 3431K, capacity 3549K, committed 3584K, reserved 1048576K
}
Event: 9.361 GC heap before
{Heap before GC invocations=9 (full 1):
 PSYoungGen      total 71680K, used 3572K [0x00000000f5b80000, 0x00000000fa980000, 0x0000000100000000)
  eden space 68096K, 0% used [0x00000000f5b80000,0x00000000f5b80000,0x00000000f9e00000)
  from space 3584K, 99% used [0x00000000fa300000,0x00000000fa67d080,0x00000000fa680000)
  to   space 5120K, 0% used [0x00000000f9e00000,0x00000000f9e00000,0x00000000fa300000)
 ParOldGen       total 22016K, used 8977K [0x00000000e1200000, 0x00000000e2780000, 0x00000000f5b80000)
  object space 22016K, 40% used [0x00000000e1200000,0x00000000e1ac4430,0x00000000e2780000)
 Metaspace       used 20828K, capacity 21158K, committed 21248K, reserved 1067008K
  class space    used 3431K, capacity 3549K, committed 3584K, reserved 1048576K
Event: 9.461 GC heap after
Heap after GC invocations=9 (full 1):
 PSYoungGen      total 71680K, used 0K [0x00000000f5b80000, 0x00000000fa980000, 0x0000000100000000)
  eden space 68096K, 0% used [0x00000000f5b80000,0x00000000f5b80000,0x00000000f9e00000)
  from space 3584K, 0% used [0x00000000fa300000,0x00000000fa300000,0x00000000fa680000)
  to   space 5120K, 0% used [0x00000000f9e00000,0x00000000f9e00000,0x00000000fa300000)
 ParOldGen       total 23552K, used 9305K [0x00000000e1200000, 0x00000000e2900000, 0x00000000f5b80000)
  object space 23552K, 39% used [0x00000000e1200000,0x00000000e1b166d0,0x00000000e2900000)
 Metaspace       used 20813K, capacity 21134K, committed 21248K, reserved 1067008K
  class space    used 3428K, capacity 3545K, committed 3584K, reserved 1048576K
}
Event: 12.663 GC heap before
{Heap before GC invocations=10 (full 1):
 PSYoungGen      total 71680K, used 68096K [0x00000000f5b80000, 0x00000000fa980000, 0x0000000100000000)
  eden space 68096K, 100% used [0x00000000f5b80000,0x00000000f9e00000,0x00000000f9e00000)
  from space 3584K, 0% used [0x00000000fa300000,0x00000000fa300000,0x00000000fa680000)
  to   space 5120K, 0% used [0x00000000f9e00000,0x00000000f9e00000,0x00000000fa300000)
 ParOldGen       total 23552K, used 9305K [0x00000000e1200000, 0x00000000e2900000, 0x00000000f5b80000)
  object space 23552K, 39% used [0x00000000e1200000,0x00000000e1b166d0,0x00000000e2900000)
 Metaspace       used 31554K, capacity 31970K, committed 32128K, reserved 1077248K
  class space    used 5055K, capacity 5195K, committed 5248K, reserved 1048576K

