# JRE version: OpenJDK Runtime Environment (8.0_181-b13) (build 1.8.0_181-8u181-b13-1ubuntu0.16.04.1-b13)
# Java VM: OpenJDK 64-Bit Server VM (25.181-b13 mixed mode linux-amd64 compressed oops)
Heap:
 PSYoungGen      total 73728K, used 2952K [0x00000000f5b80000, 0x00000000faa80000, 0x0000000100000000)
  eden space 68096K, 0% used [0x00000000f5b80000,0x00000000f5b80000,0x00000000f9e00000)
  from space 5632K, 52% used [0x00000000f9e00000,0x00000000fa0e20f0,0x00000000fa380000)
  to   space 4096K, 0% used [0x00000000fa380000,0x00000000fa380000,0x00000000fa780000)
 ParOldGen       total 22016K, used 8906K [0x00000000e1200000, 0x00000000e2780000, 0x00000000f5b80000)
  object space 22016K, 40% used [0x00000000e1200000,0x00000000e1ab2a18,0x00000000e2780000)
 Metaspace       used 20808K, capacity 21134K, committed 21248K, reserved 1067008K
  class space    used 3426K, capacity 3545K, committed 3584K, reserved 1048576K
GC Heap History (10 events):
Event: 1.954 GC heap after
Heap after GC invocations=2 (full 0):
 PSYoungGen      total 18432K, used 1008K [0x00000000f5b80000, 0x00000000f6e80000, 0x0000000100000000)
  eden space 17408K, 0% used [0x00000000f5b80000,0x00000000f5b80000,0x00000000f6c80000)
  from space 1024K, 98% used [0x00000000f6d80000,0x00000000f6e7c010,0x00000000f6e80000)
  to   space 1024K, 0% used [0x00000000f6c80000,0x00000000f6c80000,0x00000000f6d80000)
 ParOldGen       total 22016K, used 1935K [0x00000000e1200000, 0x00000000e2780000, 0x00000000f5b80000)
  object space 22016K, 8% used [0x00000000e1200000,0x00000000e13e3da0,0x00000000e2780000)
 Metaspace       used 7077K, capacity 8160K, committed 8448K, reserved 1056768K
  class space    used 1194K, capacity 1228K, committed 1280K, reserved 1048576K
}
Event: 3.539 GC heap before
{Heap before GC invocations=3 (full 0):
 PSYoungGen      total 18432K, used 18416K [0x00000000f5b80000, 0x00000000f6e80000, 0x0000000100000000)
  eden space 17408K, 100% used [0x00000000f5b80000,0x00000000f6c80000,0x00000000f6c80000)
  from space 1024K, 98% used [0x00000000f6d80000,0x00000000f6e7c010,0x00000000f6e80000)
  to   space 1024K, 0% used [0x00000000f6c80000,0x00000000f6c80000,0x00000000f6d80000)
 ParOldGen       total 22016K, used 1935K [0x00000000e1200000, 0x00000000e2780000, 0x00000000f5b80000)
  object space 22016K, 8% used [0x00000000e1200000,0x00000000e13e3da0,0x00000000e2780000)
 Metaspace       used 12710K, capacity 12914K, committed 13056K, reserved 1060864K
  class space    used 2156K, capacity 2215K, committed 2304K, reserved 1048576K
Event: 3.555 GC heap after
Heap after GC invocations=3 (full 0):
 PSYoungGen      total 18432K, used 1008K [0x00000000f5b80000, 0x00000000f7f80000, 0x0000000100000000)
  eden space 17408K, 0% used [0x00000000f5b80000,0x00000000f5b80000,0x00000000f6c80000)
  from space 1024K, 98% used [0x00000000f6c80000,0x00000000f6d7c050,0x00000000f6d80000)
  to   space 1024K, 0% used [0x00000000f7e80000,0x00000000f7e80000,0x00000000f7f80000)
 ParOldGen       total 22016K, used 4780K [0x00000000e1200000, 0x00000000e2780000, 0x00000000f5b80000)
  object space 22016K, 21% used [0x00000000e1200000,0x00000000e16ab3e8,0x00000000e2780000)
 Metaspace       used 12710K, capacity 12914K, committed 13056K, reserved 1060864K
  class space    used 2156K, capacity 2215K, committed 2304K, reserved 1048576K
}
Event: 4.189 GC heap before
{Heap before GC invocations=4 (full 0):
 PSYoungGen      total 18432K, used 18416K [0x00000000f5b80000, 0x00000000f7f80000, 0x0000000100000000)
  eden space 17408K, 100% used [0x00000000f5b80000,0x00000000f6c80000,0x00000000f6c80000)
  from space 1024K, 98% used [0x00000000f6c80000,0x00000000f6d7c050,0x00000000f6d80000)
  to   space 1024K, 0% used [0x00000000f7e80000,0x00000000f7e80000,0x00000000f7f80000)
 ParOldGen       total 22016K, used 4780K [0x00000000e1200000, 0x00000000e2780000, 0x00000000f5b80000)
  object space 22016K, 21% used [0x00000000e1200000,0x00000000e16ab3e8,0x00000000e2780000)
 Metaspace       used 13938K, capacity 14110K, committed 14336K, reserved 1060864K
  class space    used 2387K, capacity 2441K, committed 2560K, reserved 1048576K
Event: 4.201 GC heap after
Heap after GC invocations=4 (full 0):
 PSYoungGen      total 35840K, used 992K [0x00000000f5b80000, 0x00000000f7f80000, 0x0000000100000000)
  eden space 34816K, 0% used [0x00000000f5b80000,0x00000000f5b80000,0x00000000f7d80000)
  from space 1024K, 96% used [0x00000000f7e80000,0x00000000f7f78020,0x00000000f7f80000)
  to   space 1024K, 0% used [0x00000000f7d80000,0x00000000f7d80000,0x00000000f7e80000)
 ParOldGen       total 22016K, used 5827K [0x00000000e1200000, 0x00000000e2780000, 0x00000000f5b80000)
  object space 22016K, 26% used [0x00000000e1200000,0x00000000e17b0d80,0x00000000e2780000)
 Metaspace       used 13938K, capacity 14110K, committed 14336K, reserved 1060864K
  class space    used 2387K, capacity 2441K, committed 2560K, reserved 1048576K
}
Event: 6.519 GC heap before
{Heap before GC invocations=5 (full 0):
 PSYoungGen      total 35840K, used 35808K [0x00000000f5b80000, 0x00000000f7f80000, 0x0000000100000000)
  eden space 34816K, 100% used [0x00000000f5b80000,0x00000000f7d80000,0x00000000f7d80000)
  from space 1024K, 96% used [0x00000000f7e80000,0x00000000f7f78020,0x00000000f7f80000)
  to   space 1024K, 0% used [0x00000000f7d80000,0x00000000f7d80000,0x00000000f7e80000)
 ParOldGen       total 22016K, used 5827K [0x00000000e1200000, 0x00000000e2780000, 0x00000000f5b80000)
  object space 22016K, 26% used [0x00000000e1200000,0x00000000e17b0d80,0x00000000e2780000)
 Metaspace       used 14626K, capacity 14846K, committed 15104K, reserved 1062912K
  class space    used 2477K, capacity 2537K, committed 2560K, reserved 1048576K
Event: 6.574 GC heap after
Heap after GC invocations=5 (full 0):
 PSYoungGen      total 35840K, used 1024K [0x00000000f5b80000, 0x00000000fa780000, 0x0000000100000000)
  eden space 34816K, 0% used [0x00000000f5b80000,0x00000000f5b80000,0x00000000f7d80000)
  from space 1024K, 100% used [0x00000000f7d80000,0x00000000f7e80000,0x00000000f7e80000)
  to   space 4096K, 0% used [0x00000000fa380000,0x00000000fa380000,0x00000000fa780000)
 ParOldGen       total 22016K, used 6900K [0x00000000e1200000, 0x00000000e2780000, 0x00000000f5b80000)
  object space 22016K, 31% used [0x00000000e1200000,0x00000000e18bd2d0,0x00000000e2780000)
 Metaspace       used 14626K, capacity 14846K, committed 15104K, reserved 1062912K
  class space    used 2477K, capacity 2537K, committed 2560K, reserved 1048576K
}
Event: 11.634 GC heap before
{Heap before GC invocations=6 (full 0):
 PSYoungGen      total 35840K, used 35840K [0x00000000f5b80000, 0x00000000fa780000, 0x0000000100000000)
  eden space 34816K, 100% used [0x00000000f5b80000,0x00000000f7d80000,0x00000000f7d80000)
  from space 1024K, 100% used [0x00000000f7d80000,0x00000000f7e80000,0x00000000f7e80000)
  to   space 4096K, 0% used [0x00000000fa380000,0x00000000fa380000,0x00000000fa780000)
 ParOldGen       total 22016K, used 6900K [0x00000000e1200000, 0x00000000e2780000, 0x00000000f5b80000)
  object space 22016K, 31% used [0x00000000e1200000,0x00000000e18bd2d0,0x00000000e2780000)
 Metaspace       used 18913K, capacity 19310K, committed 19456K, reserved 1064960K
  class space    used 3163K, capacity 3321K, committed 3328K, reserved 1048576K
Event: 11.958 GC heap after
Heap after GC invocations=6 (full 0):
 PSYoungGen      total 72192K, used 4071K [0x00000000f5b80000, 0x00000000faa80000, 0x0000000100000000)
  eden space 68096K, 0% used [0x00000000f5b80000,0x00000000f5b80000,0x00000000f9e00000)
  from space 4096K, 99% used [0x00000000fa380000,0x00000000fa779fd8,0x00000000fa780000)
  to   space 5632K, 0% used [0x00000000f9e00000,0x00000000f9e00000,0x00000000fa380000)
 ParOldGen       total 22016K, used 8562K [0x00000000e1200000, 0x00000000e2780000, 0x00000000f5b80000)
  object space 22016K, 38% used [0x00000000e1200000,0x00000000e1a5c9c8,0x00000000e2780000)
 Metaspace       used 18913K, capacity 19310K, committed 19456K, reserved 1064960K
  class space    used 3163K, capacity 3321K, committed 3328K, reserved 1048576K
}
Event: 14.899 GC heap before
{Heap before GC invocations=7 (full 0):
 PSYoungGen      total 72192K, used 17938K [0x00000000f5b80000, 0x00000000faa80000, 0x0000000100000000)
  eden space 68096K, 20% used [0x00000000f5b80000,0x00000000f690ab30,0x00000000f9e00000)
  from space 4096K, 99% used [0x00000000fa380000,0x00000000fa779fd8,0x00000000fa780000)
  to   space 5632K, 0% used [0x00000000f9e00000,0x00000000f9e00000,0x00000000fa380000)
 ParOldGen       total 22016K, used 8562K [0x00000000e1200000, 0x00000000e2780000, 0x00000000f5b80000)
  object space 22016K, 38% used [0x00000000e1200000,0x00000000e1a5c9c8,0x00000000e2780000)
 Metaspace       used 20808K, capacity 21134K, committed 21248K, reserved 1067008K
  class space    used 3426K, capacity 3545K, committed 3584K, reserved 1048576K

