# JRE version: OpenJDK Runtime Environment (8.0_181-b13) (build 1.8.0_181-8u181-b13-1ubuntu0.16.04.1-b13)
# Java VM: OpenJDK 64-Bit Server VM (25.181-b13 mixed mode linux-amd64 compressed oops)
Heap:
 PSYoungGen      total 51200K, used 2016K [0x00000000f0600000, 0x00000000f3a00000, 0x0000000100000000)
  eden space 49152K, 0% used [0x00000000f0600000,0x00000000f0600000,0x00000000f3600000)
  from space 2048K, 98% used [0x00000000f3600000,0x00000000f37f8070,0x00000000f3800000)
  to   space 2048K, 0% used [0x00000000f3800000,0x00000000f3800000,0x00000000f3a00000)
 ParOldGen       total 32768K, used 9053K [0x00000000d1200000, 0x00000000d3200000, 0x00000000f0600000)
  object space 32768K, 27% used [0x00000000d1200000,0x00000000d1ad7630,0x00000000d3200000)
 Metaspace       used 18726K, capacity 19150K, committed 19456K, reserved 1064960K
  class space    used 3134K, capacity 3289K, committed 3328K, reserved 1048576K
GC Heap History (9 events):
Event: 1.626 GC heap before
{Heap before GC invocations=1 (full 0):
 PSYoungGen      total 14336K, used 12288K [0x00000000f0600000, 0x00000000f1600000, 0x0000000100000000)
  eden space 12288K, 100% used [0x00000000f0600000,0x00000000f1200000,0x00000000f1200000)
  from space 2048K, 0% used [0x00000000f1400000,0x00000000f1400000,0x00000000f1600000)
  to   space 2048K, 0% used [0x00000000f1200000,0x00000000f1200000,0x00000000f1400000)
 ParOldGen       total 32768K, used 0K [0x00000000d1200000, 0x00000000d3200000, 0x00000000f0600000)
  object space 32768K, 0% used [0x00000000d1200000,0x00000000d1200000,0x00000000d3200000)
 Metaspace       used 6155K, capacity 7264K, committed 7552K, reserved 1056768K
  class space    used 977K, capacity 1036K, committed 1152K, reserved 1048576K
Event: 1.649 GC heap after
Heap after GC invocations=1 (full 0):
 PSYoungGen      total 14336K, used 2030K [0x00000000f0600000, 0x00000000f2200000, 0x0000000100000000)
  eden space 12288K, 0% used [0x00000000f0600000,0x00000000f0600000,0x00000000f1200000)
  from space 2048K, 99% used [0x00000000f1200000,0x00000000f13fb9a8,0x00000000f1400000)
  to   space 2048K, 0% used [0x00000000f2000000,0x00000000f2000000,0x00000000f2200000)
 ParOldGen       total 32768K, used 443K [0x00000000d1200000, 0x00000000d3200000, 0x00000000f0600000)
  object space 32768K, 1% used [0x00000000d1200000,0x00000000d126ef20,0x00000000d3200000)
 Metaspace       used 6155K, capacity 7264K, committed 7552K, reserved 1056768K
  class space    used 977K, capacity 1036K, committed 1152K, reserved 1048576K
}
Event: 2.661 GC heap before
{Heap before GC invocations=2 (full 0):
 PSYoungGen      total 14336K, used 14318K [0x00000000f0600000, 0x00000000f2200000, 0x0000000100000000)
  eden space 12288K, 100% used [0x00000000f0600000,0x00000000f1200000,0x00000000f1200000)
  from space 2048K, 99% used [0x00000000f1200000,0x00000000f13fb9a8,0x00000000f1400000)
  to   space 2048K, 0% used [0x00000000f2000000,0x00000000f2000000,0x00000000f2200000)
 ParOldGen       total 32768K, used 443K [0x00000000d1200000, 0x00000000d3200000, 0x00000000f0600000)
  object space 32768K, 1% used [0x00000000d1200000,0x00000000d126ef20,0x00000000d3200000)
 Metaspace       used 9808K, capacity 9982K, committed 10240K, reserved 1058816K
  class space    used 1640K, capacity 1703K, committed 1792K, reserved 1048576K
Event: 2.677 GC heap after
Heap after GC invocations=2 (full 0):
 PSYoungGen      total 26624K, used 2032K [0x00000000f0600000, 0x00000000f2200000, 0x0000000100000000)
  eden space 24576K, 0% used [0x00000000f0600000,0x00000000f0600000,0x00000000f1e00000)
  from space 2048K, 99% used [0x00000000f2000000,0x00000000f21fc030,0x00000000f2200000)
  to   space 2048K, 0% used [0x00000000f1e00000,0x00000000f1e00000,0x00000000f2000000)
 ParOldGen       total 32768K, used 1479K [0x00000000d1200000, 0x00000000d3200000, 0x00000000f0600000)
  object space 32768K, 4% used [0x00000000d1200000,0x00000000d1371f78,0x00000000d3200000)
 Metaspace       used 9808K, capacity 9982K, committed 10240K, reserved 1058816K
  class space    used 1640K, capacity 1703K, committed 1792K, reserved 1048576K
}
Event: 3.818 GC heap before
{Heap before GC invocations=3 (full 0):
 PSYoungGen      total 26624K, used 26608K [0x00000000f0600000, 0x00000000f2200000, 0x0000000100000000)
  eden space 24576K, 100% used [0x00000000f0600000,0x00000000f1e00000,0x00000000f1e00000)
  from space 2048K, 99% used [0x00000000f2000000,0x00000000f21fc030,0x00000000f2200000)
  to   space 2048K, 0% used [0x00000000f1e00000,0x00000000f1e00000,0x00000000f2000000)
 ParOldGen       total 32768K, used 1479K [0x00000000d1200000, 0x00000000d3200000, 0x00000000f0600000)
  object space 32768K, 4% used [0x00000000d1200000,0x00000000d1371f78,0x00000000d3200000)
 Metaspace       used 13734K, capacity 13970K, committed 14336K, reserved 1060864K
  class space    used 2370K, capacity 2439K, committed 2560K, reserved 1048576K
Event: 3.864 GC heap after
Heap after GC invocations=3 (full 0):
 PSYoungGen      total 26624K, used 2016K [0x00000000f0600000, 0x00000000f3a00000, 0x0000000100000000)
  eden space 24576K, 0% used [0x00000000f0600000,0x00000000f0600000,0x00000000f1e00000)
  from space 2048K, 98% used [0x00000000f1e00000,0x00000000f1ff8060,0x00000000f2000000)
  to   space 2048K, 0% used [0x00000000f3800000,0x00000000f3800000,0x00000000f3a00000)
 ParOldGen       total 32768K, used 3751K [0x00000000d1200000, 0x00000000d3200000, 0x00000000f0600000)
  object space 32768K, 11% used [0x00000000d1200000,0x00000000d15a9da8,0x00000000d3200000)
 Metaspace       used 13734K, capacity 13970K, committed 14336K, reserved 1060864K
  class space    used 2370K, capacity 2439K, committed 2560K, reserved 1048576K
}
Event: 4.471 GC heap before
{Heap before GC invocations=4 (full 0):
 PSYoungGen      total 26624K, used 26592K [0x00000000f0600000, 0x00000000f3a00000, 0x0000000100000000)
  eden space 24576K, 100% used [0x00000000f0600000,0x00000000f1e00000,0x00000000f1e00000)
  from space 2048K, 98% used [0x00000000f1e00000,0x00000000f1ff8060,0x00000000f2000000)
  to   space 2048K, 0% used [0x00000000f3800000,0x00000000f3800000,0x00000000f3a00000)
 ParOldGen       total 32768K, used 3751K [0x00000000d1200000, 0x00000000d3200000, 0x00000000f0600000)
  object space 32768K, 11% used [0x00000000d1200000,0x00000000d15a9da8,0x00000000d3200000)
 Metaspace       used 14272K, capacity 14494K, committed 14848K, reserved 1060864K
  class space    used 2427K, capacity 2505K, committed 2560K, reserved 1048576K
Event: 4.501 GC heap after
Heap after GC invocations=4 (full 0):
 PSYoungGen      total 51200K, used 2036K [0x00000000f0600000, 0x00000000f3a00000, 0x0000000100000000)
  eden space 49152K, 0% used [0x00000000f0600000,0x00000000f0600000,0x00000000f3600000)
  from space 2048K, 99% used [0x00000000f3800000,0x00000000f39fd070,0x00000000f3a00000)
  to   space 2048K, 0% used [0x00000000f3600000,0x00000000f3600000,0x00000000f3800000)
 ParOldGen       total 32768K, used 4274K [0x00000000d1200000, 0x00000000d3200000, 0x00000000f0600000)
  object space 32768K, 13% used [0x00000000d1200000,0x00000000d162ca40,0x00000000d3200000)
 Metaspace       used 14272K, capacity 14494K, committed 14848K, reserved 1060864K
  class space    used 2427K, capacity 2505K, committed 2560K, reserved 1048576K
}
Event: 11.078 GC heap before
{Heap before GC invocations=5 (full 0):
 PSYoungGen      total 51200K, used 51188K [0x00000000f0600000, 0x00000000f3a00000, 0x0000000100000000)
  eden space 49152K, 100% used [0x00000000f0600000,0x00000000f3600000,0x00000000f3600000)
  from space 2048K, 99% used [0x00000000f3800000,0x00000000f39fd070,0x00000000f3a00000)
  to   space 2048K, 0% used [0x00000000f3600000,0x00000000f3600000,0x00000000f3800000)
 ParOldGen       total 32768K, used 4274K [0x00000000d1200000, 0x00000000d3200000, 0x00000000f0600000)
  object space 32768K, 13% used [0x00000000d1200000,0x00000000d162ca40,0x00000000d3200000)
 Metaspace       used 18726K, capacity 19150K, committed 19456K, reserved 1064960K
  class space    used 3134K, capacity 3289K, committed 3328K, reserved 1048576K

