# JRE version: OpenJDK Runtime Environment (8.0_181-b13) (build 1.8.0_181-8u181-b13-1ubuntu0.16.04.1-b13)
# Java VM: OpenJDK 64-Bit Server VM (25.181-b13 mixed mode linux-amd64 compressed oops)
Heap:
 PSYoungGen      total 100352K, used 6166K [0x00000000f5b80000, 0x00000000fc600000, 0x0000000100000000)
  eden space 91648K, 0% used [0x00000000f5b80000,0x00000000f5b80000,0x00000000fb500000)
  from space 8704K, 70% used [0x00000000fb500000,0x00000000fbb05b68,0x00000000fbd80000)
  to   space 6144K, 0% used [0x00000000fc000000,0x00000000fc000000,0x00000000fc600000)
 ParOldGen       total 31744K, used 9935K [0x00000000e1200000, 0x00000000e3100000, 0x00000000f5b80000)
  object space 31744K, 31% used [0x00000000e1200000,0x00000000e1bb3cb8,0x00000000e3100000)
 Metaspace       used 40815K, capacity 41218K, committed 41344K, reserved 1083392K
  class space    used 6615K, capacity 6763K, committed 6784K, reserved 1048576K
GC Heap History (10 events):
Event: 8.686 GC heap after
Heap after GC invocations=8 (full 0):
 PSYoungGen      total 71680K, used 3565K [0x00000000f5b80000, 0x00000000fa980000, 0x0000000100000000)
  eden space 68096K, 0% used [0x00000000f5b80000,0x00000000f5b80000,0x00000000f9e00000)
  from space 3584K, 99% used [0x00000000fa300000,0x00000000fa67b790,0x00000000fa680000)
  to   space 5120K, 0% used [0x00000000f9e00000,0x00000000f9e00000,0x00000000fa300000)
 ParOldGen       total 22016K, used 8920K [0x00000000e1200000, 0x00000000e2780000, 0x00000000f5b80000)
  object space 22016K, 40% used [0x00000000e1200000,0x00000000e1ab62a8,0x00000000e2780000)
 Metaspace       used 20909K, capacity 21166K, committed 21248K, reserved 1067008K
  class space    used 3451K, capacity 3577K, committed 3584K, reserved 1048576K
}
Event: 8.686 GC heap before
{Heap before GC invocations=9 (full 1):
 PSYoungGen      total 71680K, used 3565K [0x00000000f5b80000, 0x00000000fa980000, 0x0000000100000000)
  eden space 68096K, 0% used [0x00000000f5b80000,0x00000000f5b80000,0x00000000f9e00000)
  from space 3584K, 99% used [0x00000000fa300000,0x00000000fa67b790,0x00000000fa680000)
  to   space 5120K, 0% used [0x00000000f9e00000,0x00000000f9e00000,0x00000000fa300000)
 ParOldGen       total 22016K, used 8920K [0x00000000e1200000, 0x00000000e2780000, 0x00000000f5b80000)
  object space 22016K, 40% used [0x00000000e1200000,0x00000000e1ab62a8,0x00000000e2780000)
 Metaspace       used 20909K, capacity 21166K, committed 21248K, reserved 1067008K
  class space    used 3451K, capacity 3577K, committed 3584K, reserved 1048576K
Event: 8.770 GC heap after
Heap after GC invocations=9 (full 1):
 PSYoungGen      total 71680K, used 0K [0x00000000f5b80000, 0x00000000fa980000, 0x0000000100000000)
  eden space 68096K, 0% used [0x00000000f5b80000,0x00000000f5b80000,0x00000000f9e00000)
  from space 3584K, 0% used [0x00000000fa300000,0x00000000fa300000,0x00000000fa680000)
  to   space 5120K, 0% used [0x00000000f9e00000,0x00000000f9e00000,0x00000000fa300000)
 ParOldGen       total 22528K, used 8252K [0x00000000e1200000, 0x00000000e2800000, 0x00000000f5b80000)
  object space 22528K, 36% used [0x00000000e1200000,0x00000000e1a0f2e0,0x00000000e2800000)
 Metaspace       used 20909K, capacity 21166K, committed 21248K, reserved 1067008K
  class space    used 3451K, capacity 3577K, committed 3584K, reserved 1048576K
}
Event: 11.119 GC heap before
{Heap before GC invocations=10 (full 1):
 PSYoungGen      total 71680K, used 68096K [0x00000000f5b80000, 0x00000000fa980000, 0x0000000100000000)
  eden space 68096K, 100% used [0x00000000f5b80000,0x00000000f9e00000,0x00000000f9e00000)
  from space 3584K, 0% used [0x00000000fa300000,0x00000000fa300000,0x00000000fa680000)
  to   space 5120K, 0% used [0x00000000f9e00000,0x00000000f9e00000,0x00000000fa300000)
 ParOldGen       total 22528K, used 8252K [0x00000000e1200000, 0x00000000e2800000, 0x00000000f5b80000)
  object space 22528K, 36% used [0x00000000e1200000,0x00000000e1a0f2e0,0x00000000e2800000)
 Metaspace       used 31820K, capacity 32290K, committed 32512K, reserved 1077248K
  class space    used 5084K, capacity 5259K, committed 5376K, reserved 1048576K
Event: 11.150 GC heap after
Heap after GC invocations=10 (full 1):
 PSYoungGen      total 73216K, used 5109K [0x00000000f5b80000, 0x00000000fc800000, 0x0000000100000000)
  eden space 68096K, 0% used [0x00000000f5b80000,0x00000000f5b80000,0x00000000f9e00000)
  from space 5120K, 99% used [0x00000000f9e00000,0x00000000fa2fd7d0,0x00000000fa300000)
  to   space 8192K, 0% used [0x00000000fc000000,0x00000000fc000000,0x00000000fc800000)
 ParOldGen       total 22528K, used 14657K [0x00000000e1200000, 0x00000000e2800000, 0x00000000f5b80000)
  object space 22528K, 65% used [0x00000000e1200000,0x00000000e2050640,0x00000000e2800000)
 Metaspace       used 31820K, capacity 32290K, committed 32512K, reserved 1077248K
  class space    used 5084K, capacity 5259K, committed 5376K, reserved 1048576K
}
Event: 47.918 GC heap before
{Heap before GC invocations=11 (full 1):
 PSYoungGen      total 73216K, used 25204K [0x00000000f5b80000, 0x00000000fc800000, 0x0000000100000000)
  eden space 68096K, 29% used [0x00000000f5b80000,0x00000000f6f1fbb8,0x00000000f9e00000)
  from space 5120K, 99% used [0x00000000f9e00000,0x00000000fa2fd7d0,0x00000000fa300000)
  to   space 8192K, 0% used [0x00000000fc000000,0x00000000fc000000,0x00000000fc800000)
 ParOldGen       total 22528K, used 14657K [0x00000000e1200000, 0x00000000e2800000, 0x00000000f5b80000)
  object space 22528K, 65% used [0x00000000e1200000,0x00000000e2050640,0x00000000e2800000)
 Metaspace       used 34877K, capacity 35266K, committed 35416K, reserved 1079296K
  class space    used 5646K, capacity 5803K, committed 5888K, reserved 1048576K
Event: 47.949 GC heap after
Heap after GC invocations=11 (full 1):
 PSYoungGen      total 97792K, used 5454K [0x00000000f5b80000, 0x00000000fc600000, 0x0000000100000000)
  eden space 91648K, 0% used [0x00000000f5b80000,0x00000000f5b80000,0x00000000fb500000)
  from space 6144K, 88% used [0x00000000fc000000,0x00000000fc553950,0x00000000fc600000)
  to   space 8704K, 0% used [0x00000000fb500000,0x00000000fb500000,0x00000000fbd80000)
 ParOldGen       total 22528K, used 14665K [0x00000000e1200000, 0x00000000e2800000, 0x00000000f5b80000)
  object space 22528K, 65% used [0x00000000e1200000,0x00000000e2052640,0x00000000e2800000)
 Metaspace       used 34877K, capacity 35266K, committed 35416K, reserved 1079296K
  class space    used 5646K, capacity 5803K, committed 5888K, reserved 1048576K
}
Event: 47.951 GC heap before
{Heap before GC invocations=12 (full 2):
 PSYoungGen      total 97792K, used 5454K [0x00000000f5b80000, 0x00000000fc600000, 0x0000000100000000)
  eden space 91648K, 0% used [0x00000000f5b80000,0x00000000f5b80000,0x00000000fb500000)
  from space 6144K, 88% used [0x00000000fc000000,0x00000000fc553950,0x00000000fc600000)
  to   space 8704K, 0% used [0x00000000fb500000,0x00000000fb500000,0x00000000fbd80000)
 ParOldGen       total 22528K, used 14665K [0x00000000e1200000, 0x00000000e2800000, 0x00000000f5b80000)
  object space 22528K, 65% used [0x00000000e1200000,0x00000000e2052640,0x00000000e2800000)
 Metaspace       used 34877K, capacity 35266K, committed 35416K, reserved 1079296K
  class space    used 5646K, capacity 5803K, committed 5888K, reserved 1048576K
Event: 48.388 GC heap after
Heap after GC invocations=12 (full 2):
 PSYoungGen      total 97792K, used 0K [0x00000000f5b80000, 0x00000000fc600000, 0x0000000100000000)
  eden space 91648K, 0% used [0x00000000f5b80000,0x00000000f5b80000,0x00000000fb500000)
  from space 6144K, 0% used [0x00000000fc000000,0x00000000fc000000,0x00000000fc600000)
  to   space 8704K, 0% used [0x00000000fb500000,0x00000000fb500000,0x00000000fbd80000)
 ParOldGen       total 31744K, used 9927K [0x00000000e1200000, 0x00000000e3100000, 0x00000000f5b80000)
  object space 31744K, 31% used [0x00000000e1200000,0x00000000e1bb1cb8,0x00000000e3100000)
 Metaspace       used 34877K, capacity 35266K, committed 35416K, reserved 1079296K
  class space    used 5646K, capacity 5803K, committed 5888K, reserved 1048576K
}
Event: 64.785 GC heap before
{Heap before GC invocations=13 (full 2):
 PSYoungGen      total 97792K, used 91648K [0x00000000f5b80000, 0x00000000fc600000, 0x0000000100000000)
  eden space 91648K, 100% used [0x00000000f5b80000,0x00000000fb500000,0x00000000fb500000)
  from space 6144K, 0% used [0x00000000fc000000,0x00000000fc000000,0x00000000fc600000)
  to   space 8704K, 0% used [0x00000000fb500000,0x00000000fb500000,0x00000000fbd80000)
 ParOldGen       total 31744K, used 9927K [0x00000000e1200000, 0x00000000e3100000, 0x00000000f5b80000)
  object space 31744K, 31% used [0x00000000e1200000,0x00000000e1bb1cb8,0x00000000e3100000)
 Metaspace       used 40815K, capacity 41218K, committed 41344K, reserved 1083392K
  class space    used 6615K, capacity 6763K, committed 6784K, reserved 1048576K

